<?xml version="1.0" encoding="UTF-8" ?>
<testsuite errors="0" failures="0" hostname="peters-powermac-5.local" name="edu.uml.project90308.businesslogic.StockInfoTest" tests="7" time="0.053" timestamp="2012-10-01T21:52:45">
  <properties>
[...]
</properties>
  <testcase classname="edu.uml.project90308.businesslogic.StockInfoTest" name="testStockSymbol" time="0.0010" />
  <testcase classname="edu.uml.project90308.businesslogic.StockInfoTest" name="testRemoveStockSymbol" time="0.0" />
  <testcase classname="edu.uml.project90308.businesslogic.StockInfoTest" name="testeditStockInfo" time="0.0" />
  <testcase classname="edu.uml.project90308.businesslogic.StockInfoTest" name="refreshQuote" time="0.0" />
  <testcase classname="edu.uml.project90308.businesslogic.StockInfoTest" name="testStockInfoConstruction" time="0.0" />
  <testcase classname="edu.uml.project90308.businesslogic.StockInfoTest" name="testAddStockSymbol" time="0.0" />
  <testcase classname="edu.uml.project90308.businesslogic.StockInfoTest" name="testSearchStock" time="0.0" />
  <system-out><![CDATA[]]></system-out>
  <system-err><![CDATA[]]></system-err>
</testsuite>
