<?xml version="1.0" encoding="UTF-8" ?>
<testsuite errors="0" failures="0" hostname="peters-powermac-5.local" name="edu.uml.project90308.businesslogic.UserInfoTest" tests="3" time="0.055" timestamp="2012-10-05T20:53:53">
  <properties>
[...]
</properties>
  <testcase classname="edu.uml.project90308.businesslogic.UserInfoTest" name="testSetUserName" time="0.0020" />
  <testcase classname="edu.uml.project90308.businesslogic.UserInfoTest" name="testStockConstruction" time="0.0" />
  <testcase classname="edu.uml.project90308.businesslogic.UserInfoTest" name="testSetPassword" time="0.0" />
  <system-out><![CDATA[]]></system-out>
  <system-err><![CDATA[]]></system-err>
</testsuite>
