<?xml version="1.0" encoding="UTF-8" ?>
<testsuites>
  <testsuite errors="0" failures="0" hostname="peters-powermac-5.local" id="0" name="AuthenticateTest" package="edu.uml.project90308.businesslogic" tests="2" time="0.058" timestamp="2012-10-01T20:05:25">
      <properties>
[...]
</properties>

      <testcase classname="edu.uml.project90308.businesslogic.AuthenticateTest" name="testAuthenticateConstruction" time="0.0010" />

      <testcase classname="edu.uml.project90308.businesslogic.AuthenticateTest" name="testProcessLoginPositive" time="0.0" />

      <system-out><![CDATA[]]></system-out>

      <system-err><![CDATA[]]></system-err>

  </testsuite>
</testsuites>
