<?xml version="1.0" encoding="UTF-8" ?>
<testsuites>
  <testsuite errors="0" failures="1" hostname="peters-powermac-5.local" id="0" name="AuthenticateTest" package="edu.uml.project90308.businesslogic" tests="2" time="0.057" timestamp="2012-10-05T20:53:51">
      <properties>
[...]
</properties>

      <testcase classname="edu.uml.project90308.businesslogic.AuthenticateTest" name="testAuthenticateConstruction" time="0.0020" />

      <testcase classname="edu.uml.project90308.businesslogic.AuthenticateTest" name="testProcessLoginPositive" time="0.0050">
          <failure message="Authentication was successful expected: edu.uml.project90308.persistence.Person&lt;UserName: pgmartin, Password: pg.martin@rcn.com, Stock Symbol(s): null&gt; but was: edu.uml.project90308.persistence.Person&lt;UserName: pgmartin, Password: pg.martin@rcn.com, Stock Symbol(s): null&gt;" type="junit.framework.AssertionFailedError">junit.framework.AssertionFailedError: Authentication was successful expected: edu.uml.project90308.persistence.Person&lt;UserName: pgmartin, Password: pg.martin@rcn.com, Stock Symbol(s): null&gt; but was: edu.uml.project90308.persistence.Person&lt;UserName: pgmartin, Password: pg.martin@rcn.com, Stock Symbol(s): null&gt;
	at edu.uml.project90308.businesslogic.AuthenticateTest.testProcessLoginPositive(AuthenticateTest.java:35)
</failure>

      </testcase>

      <system-out><![CDATA[]]></system-out>

      <system-err><![CDATA[]]></system-err>

  </testsuite>
  <testsuite errors="0" failures="0" hostname="peters-powermac-5.local" id="1" name="StockInfoTest" package="edu.uml.project90308.businesslogic" tests="7" time="0.054" timestamp="2012-10-05T20:53:51">
      <properties>
[...]
</properties>

      <testcase classname="edu.uml.project90308.businesslogic.StockInfoTest" name="testRemoveStockSymbol" time="0.0020" />

      <testcase classname="edu.uml.project90308.businesslogic.StockInfoTest" name="testEditStockInfo" time="0.0" />

      <testcase classname="edu.uml.project90308.businesslogic.StockInfoTest" name="testRefreshQuote" time="0.0" />

      <testcase classname="edu.uml.project90308.businesslogic.StockInfoTest" name="testStockInfoConstruction" time="0.0" />

      <testcase classname="edu.uml.project90308.businesslogic.StockInfoTest" name="testSelectStockSymbol" time="0.0010" />

      <testcase classname="edu.uml.project90308.businesslogic.StockInfoTest" name="testAddStockSymbol" time="0.0" />

      <testcase classname="edu.uml.project90308.businesslogic.StockInfoTest" name="testSearchStockSymbol" time="0.0010" />

      <system-out><![CDATA[]]></system-out>

      <system-err><![CDATA[]]></system-err>

  </testsuite>
  <testsuite errors="0" failures="0" hostname="peters-powermac-5.local" id="2" name="StockTest" package="edu.uml.project90308.businesslogic" tests="1" time="0.05" timestamp="2012-10-05T20:53:52">
      <properties>
[...]
</properties>

      <testcase classname="edu.uml.project90308.businesslogic.StockTest" name="testStockConstruction" time="0.0020" />

      <system-out><![CDATA[]]></system-out>

      <system-err><![CDATA[]]></system-err>

  </testsuite>
  <testsuite errors="0" failures="0" hostname="peters-powermac-5.local" id="3" name="UserInfoTest" package="edu.uml.project90308.businesslogic" tests="3" time="0.055" timestamp="2012-10-05T20:53:53">
      <properties>
[...]
</properties>

      <testcase classname="edu.uml.project90308.businesslogic.UserInfoTest" name="testSetUserName" time="0.0020" />

      <testcase classname="edu.uml.project90308.businesslogic.UserInfoTest" name="testStockConstruction" time="0.0" />

      <testcase classname="edu.uml.project90308.businesslogic.UserInfoTest" name="testSetPassword" time="0.0" />

      <system-out><![CDATA[]]></system-out>

      <system-err><![CDATA[]]></system-err>

  </testsuite>
  <testsuite errors="0" failures="2" hostname="peters-powermac-5.local" id="4" name="TestPerson" package="edu.uml.project90308.persistence" tests="9" time="0.068" timestamp="2012-10-05T20:53:54">
      <properties>
[...]
</properties>

      <testcase classname="edu.uml.project90308.persistence.TestPerson" name="testSetSymbols" time="0.0020" />

      <testcase classname="edu.uml.project90308.persistence.TestPerson" name="testGetUserName" time="0.0" />

      <testcase classname="edu.uml.project90308.persistence.TestPerson" name="testGetSymbol" time="0.0" />

      <testcase classname="edu.uml.project90308.persistence.TestPerson" name="testSetName" time="0.0" />

      <testcase classname="edu.uml.project90308.persistence.TestPerson" name="testSetPassword" time="0.0" />

      <testcase classname="edu.uml.project90308.persistence.TestPerson" name="testGetPassword" time="0.0" />

      <testcase classname="edu.uml.project90308.persistence.TestPerson" name="testToString" time="0.0060">
          <failure message="expected:&lt;...W, Stock Symbol(s): [GOOG]&gt; but was:&lt;...W, Stock Symbol(s): [[GOOG]]&gt;" type="junit.framework.AssertionFailedError">junit.framework.AssertionFailedError: expected:&lt;...W, Stock Symbol(s): [GOOG]&gt; but was:&lt;...W, Stock Symbol(s): [[GOOG]]&gt;
	at edu.uml.project90308.persistence.TestPerson.testToString(TestPerson.java:127)
</failure>

      </testcase>

      <testcase classname="edu.uml.project90308.persistence.TestPerson" name="testIsAllLettersNegative" time="0.0" />

      <testcase classname="edu.uml.project90308.persistence.TestPerson" name="testIsAllLetters" time="0.0020">
          <failure message="Expected exception: edu.uml.project90308.persistence.NameException" type="junit.framework.AssertionFailedError">junit.framework.AssertionFailedError: Expected exception: edu.uml.project90308.persistence.NameException
</failure>

      </testcase>

      <system-out><![CDATA[]]></system-out>

      <system-err><![CDATA[]]></system-err>

  </testsuite>
</testsuites>
